<?xml version="1.0" encoding="UTF-8"?>
<!-- Generated by org.testng.reporters.JUnitReportReporter -->
<testsuite skipped="0" hostname="VIGYAN-L-PC4" name="testcase.logintestcase" tests="2" failures="0" timestamp="12 Feb 2019 05:40:53 GMT" time="17.857" errors="0">
  <testcase name="check_login" time="15.278" classname="testcase.logintestcase"/>
  <testcase name="check_forget_link" time="2.579" classname="testcase.logintestcase"/>
</testsuite> <!-- testcase.logintestcase -->
