<?xml version="1.0" encoding="UTF-8"?>
<!-- Generated by org.testng.reporters.JUnitReportReporter -->
<testsuite skipped="0" hostname="VIGYAN-L-PC4" name="com.facebook.testcases.LoginPageTestCase" tests="2" failures="0" timestamp="14 Feb 2019 06:12:42 GMT" time="24.652" errors="0">
  <testcase name="verifyloginpage" time="24.624" classname="com.facebook.testcases.LoginPageTestCase"/>
  <testcase name="verifytitletest" time="0.028" classname="com.facebook.testcases.LoginPageTestCase"/>
</testsuite> <!-- com.facebook.testcases.LoginPageTestCase -->
